setting 'ivy.default.settings.dir' to 'jar:file:/Users/stevej/bin/sbt-launcher-0.5.2.jar!/org/apache/ivy/core/settings'
setting 'ivy.basedir' to '/Users/stevej/src/stacker/.'
setting 'ivy.default.conf.dir' to 'jar:file:/Users/stevej/bin/sbt-launcher-0.5.2.jar!/org/apache/ivy/core/settings'
impossible to define new type: class not found: org.apache.ivy.plugins.trigger.LogTrigger in [] nor Ivy classloader
impossible to define new type: class not found: org.apache.ivy.plugins.resolver.VsftpResolver in [] nor Ivy classloader
impossible to define new type: class not found: org.apache.ivy.plugins.conflict.RegexpConflictManager in [] nor Ivy classloader
impossible to define new type: class not found: org.apache.ivy.plugins.resolver.SshResolver in [] nor Ivy classloader
impossible to define new type: class not found: org.apache.ivy.plugins.resolver.VfsResolver in [] nor Ivy classloader
impossible to define new type: class not found: org.apache.ivy.plugins.resolver.SFTPResolver in [] nor Ivy classloader
impossible to define new type: class not found: org.apache.ivy.plugins.resolver.packager.PackagerResolver in [] nor Ivy classloader
impossible to define new type: class not found: org.apache.ivy.ant.AntCallTrigger in [] nor Ivy classloader
impossible to define new type: class not found: org.apache.ivy.plugins.resolver.IvyRepResolver in [] nor Ivy classloader
impossible to define new type: class not found: org.apache.ivy.ant.AntBuildTrigger in [] nor Ivy classloader
impossible to define glob matcher: org.apache.ivy.plugins.matcher.GlobPatternMatcher was not found.
setting 'java.runtime.name' to 'Java(TM) SE Runtime Environment'
setting 'sun.boot.library.path' to '/System/Library/Frameworks/JavaVM.framework/Versions/1.6.0/Libraries'
setting 'java.vm.version' to '11.3-b02-83'
setting 'awt.nativeDoubleBuffering' to 'true'
setting 'gopherProxySet' to 'false'
setting 'java.vm.vendor' to 'Apple Inc.'
setting 'java.vendor.url' to 'http://www.apple.com/'
setting 'path.separator' to ':'
setting 'java.vm.name' to 'Java HotSpot(TM) 64-Bit Server VM'
setting 'file.encoding.pkg' to 'sun.io'
setting 'sun.java.launcher' to 'SUN_STANDARD'
setting 'user.country' to 'US'
setting 'sun.os.patch.level' to 'unknown'
setting 'java.vm.specification.name' to 'Java Virtual Machine Specification'
setting 'user.dir' to '/Users/stevej/src/stacker'
setting 'java.runtime.version' to '1.6.0_13-b03-211'
setting 'java.awt.graphicsenv' to 'apple.awt.CGraphicsEnvironment'
setting 'java.endorsed.dirs' to '/System/Library/Frameworks/JavaVM.framework/Versions/1.6.0/Home/lib/endorsed'
setting 'os.arch' to 'x86_64'
setting 'java.io.tmpdir' to '/var/folders/c7/c7+1KegJECCEn2gM8K5Cj++++TI/-Tmp-/'
setting 'line.separator' to '
'
setting 'java.vm.specification.vendor' to 'Sun Microsystems Inc.'
setting 'os.name' to 'Mac OS X'
setting 'sun.jnu.encoding' to 'MacRoman'
setting 'java.library.path' to '.:/Library/Java/Extensions:/System/Library/Java/Extensions:/usr/lib/java'
setting 'sbt.boot' to 'true'
setting 'java.specification.name' to 'Java Platform API Specification'
setting 'java.class.version' to '50.0'
setting 'sun.management.compiler' to 'HotSpot 64-Bit Server Compiler'
setting 'os.version' to '10.5.7'
setting 'http.nonProxyHosts' to 'local|*.local|169.254/16|*.169.254/16'
setting 'user.home' to '/Users/stevej'
setting 'user.timezone' to 'America/Los_Angeles'
setting 'scala.home' to '/Users/stevej/src/stacker/project/boot/scala-2.7.5'
setting 'java.awt.printerjob' to 'apple.awt.CPrinterJob'
setting 'file.encoding' to 'MacRoman'
setting 'java.specification.version' to '1.6'
setting 'java.class.path' to '/Users/stevej/bin/sbt-launcher-0.5.2.jar'
setting 'user.name' to 'stevej'
setting 'java.vm.specification.version' to '1.0'
setting 'java.home' to '/System/Library/Frameworks/JavaVM.framework/Versions/1.6.0/Home'
setting 'sun.arch.data.model' to '64'
setting 'user.language' to 'en'
setting 'java.specification.vendor' to 'Sun Microsystems Inc.'
setting 'awt.toolkit' to 'apple.awt.CToolkit'
setting 'java.vm.info' to 'mixed mode'
setting 'java.version' to '1.6.0_13'
setting 'java.ext.dirs' to '/Library/Java/Extensions:/System/Library/Java/Extensions:/System/Library/Frameworks/JavaVM.framework/Versions/1.6.0/Home/lib/ext'
setting 'sun.boot.class.path' to '/System/Library/Frameworks/JavaVM.framework/Versions/1.6.0/Classes/jsfd.jar:/System/Library/Frameworks/JavaVM.framework/Versions/1.6.0/Classes/classes.jar:/System/Library/Frameworks/JavaVM.framework/Frameworks/JavaRuntimeSupport.framework/Resources/Java/JavaRuntimeSupport.jar:/System/Library/Frameworks/JavaVM.framework/Versions/1.6.0/Classes/ui.jar:/System/Library/Frameworks/JavaVM.framework/Versions/1.6.0/Classes/laf.jar:/System/Library/Frameworks/JavaVM.framework/Versions/1.6.0/Classes/sunrsasign.jar:/System/Library/Frameworks/JavaVM.framework/Versions/1.6.0/Classes/jsse.jar:/System/Library/Frameworks/JavaVM.framework/Versions/1.6.0/Classes/jce.jar:/System/Library/Frameworks/JavaVM.framework/Versions/1.6.0/Classes/charsets.jar'
setting 'java.vendor' to 'Apple Inc.'
setting 'file.separator' to '/'
setting 'java.vendor.url.bug' to 'http://bugreport.apple.com/'
setting 'sun.io.unicode.encoding' to 'UnicodeLittle'
setting 'sun.cpu.endian' to 'little'
setting 'mrj.version' to '1050.1.6.0_13-211'
setting 'socksNonProxyHosts' to 'local|*.local|169.254/16|*.169.254/16'
setting 'ftp.nonProxyHosts' to 'local|*.local|169.254/16|*.169.254/16'
setting 'sun.cpu.isalist' to ''
:: loading settings :: url = jar:file:/Users/stevej/bin/sbt-launcher-0.5.2.jar!/org/apache/ivy/core/settings/ivysettings.xml
setting 'ivy.settings.url' to 'jar:file:/Users/stevej/bin/sbt-launcher-0.5.2.jar!/org/apache/ivy/core/settings/ivysettings.xml'
setting 'ivy.conf.url' to 'jar:file:/Users/stevej/bin/sbt-launcher-0.5.2.jar!/org/apache/ivy/core/settings/ivysettings.xml'
setting 'ivy.settings.dir' to 'jar:file:/Users/stevej/bin/sbt-launcher-0.5.2.jar!/org/apache/ivy/core/settings'
setting 'ivy.conf.dir' to 'jar:file:/Users/stevej/bin/sbt-launcher-0.5.2.jar!/org/apache/ivy/core/settings'
setting 'ivy.default.ivy.user.dir' to '/Users/stevej/.ivy2'
setting 'ivy.home' to '/Users/stevej/.ivy2'
no default ivy user dir defined: set to /Users/stevej/.ivy2
setting 'ivy.log.modules.in.use' to 'false'
setting 'ivy.resolver.default.check.modified' to 'false'
setting 'ivy.default.always.check.exact.revision' to 'false'
setting 'ivy.retrieve.pattern' to '${ivy.lib.dir}/[artifact]-[revision](-[classifier]).[ext]'
setting 'ivy.configurations' to '*'
setting 'ivy.buildlist.ivyfilepath' to 'ivy.xml'
setting 'ivy.status' to 'integration'
setting 'ivy.resolve.default.type.filter' to '*'
setting 'ivy.project.dir' to '${basedir}'
setting 'ivy.dep.file' to 'ivy.xml'
setting 'ivy.settings.file' to 'ivysettings.xml'
setting 'ivy.report.output.pattern' to '[organisation]-[module]-[conf].[ext]'
setting 'ivy.cache.ttl.default' to '10s'
setting 'ivy.publish.src.artifacts.pattern' to '${ivy.distrib.dir}/[type]s/[artifact]-[revision](-[classifier]).[ext]'
setting 'ivy.deliver.ivy.pattern' to '${ivy.distrib.dir}/[type]s/[artifact]-[revision](-[classifier]).[ext]'
setting 'ivy.build.artifacts.dir' to '${ivy.project.dir}/build/artifacts'
setting 'ivy.checksums' to 'sha1,md5'
setting 'ivy.distrib.dir' to '${ivy.project.dir}/distrib'
setting 'ivy.lib.dir' to '${ivy.project.dir}/lib'
installing class org.apache.ivy.util.url.IvyAuthenticator
including url: jar:file:/Users/stevej/bin/sbt-launcher-0.5.2.jar!/org/apache/ivy/core/settings/ivysettings-public.xml
setting 'ivy.default.settings.dir' to 'jar:file:/Users/stevej/bin/sbt-launcher-0.5.2.jar!/org/apache/ivy/core/settings'
setting 'ivy.basedir' to '/Users/stevej/src/stacker/.'
setting 'ivy.default.conf.dir' to 'jar:file:/Users/stevej/bin/sbt-launcher-0.5.2.jar!/org/apache/ivy/core/settings'
impossible to define new type: class not found: org.apache.ivy.plugins.trigger.LogTrigger in [] nor Ivy classloader
impossible to define new type: class not found: org.apache.ivy.plugins.resolver.VsftpResolver in [] nor Ivy classloader
impossible to define new type: class not found: org.apache.ivy.plugins.conflict.RegexpConflictManager in [] nor Ivy classloader
impossible to define new type: class not found: org.apache.ivy.plugins.resolver.SshResolver in [] nor Ivy classloader
impossible to define new type: class not found: org.apache.ivy.plugins.resolver.VfsResolver in [] nor Ivy classloader
impossible to define new type: class not found: org.apache.ivy.plugins.resolver.SFTPResolver in [] nor Ivy classloader
impossible to define new type: class not found: org.apache.ivy.plugins.resolver.packager.PackagerResolver in [] nor Ivy classloader
impossible to define new type: class not found: org.apache.ivy.ant.AntCallTrigger in [] nor Ivy classloader
impossible to define new type: class not found: org.apache.ivy.plugins.resolver.IvyRepResolver in [] nor Ivy classloader
impossible to define new type: class not found: org.apache.ivy.ant.AntBuildTrigger in [] nor Ivy classloader
impossible to define glob matcher: org.apache.ivy.plugins.matcher.GlobPatternMatcher was not found.
setting 'java.runtime.name' to 'Java(TM) SE Runtime Environment'
setting 'sun.boot.library.path' to '/System/Library/Frameworks/JavaVM.framework/Versions/1.6.0/Libraries'
setting 'java.vm.version' to '11.3-b02-83'
setting 'awt.nativeDoubleBuffering' to 'true'
setting 'gopherProxySet' to 'false'
setting 'java.vm.vendor' to 'Apple Inc.'
setting 'java.vendor.url' to 'http://www.apple.com/'
setting 'path.separator' to ':'
setting 'java.vm.name' to 'Java HotSpot(TM) 64-Bit Server VM'
setting 'file.encoding.pkg' to 'sun.io'
setting 'sun.java.launcher' to 'SUN_STANDARD'
setting 'user.country' to 'US'
setting 'sun.os.patch.level' to 'unknown'
setting 'java.vm.specification.name' to 'Java Virtual Machine Specification'
setting 'user.dir' to '/Users/stevej/src/stacker'
setting 'java.runtime.version' to '1.6.0_13-b03-211'
setting 'java.awt.graphicsenv' to 'apple.awt.CGraphicsEnvironment'
setting 'java.endorsed.dirs' to '/System/Library/Frameworks/JavaVM.framework/Versions/1.6.0/Home/lib/endorsed'
setting 'os.arch' to 'x86_64'
setting 'java.io.tmpdir' to '/var/folders/c7/c7+1KegJECCEn2gM8K5Cj++++TI/-Tmp-/'
setting 'line.separator' to '
'
setting 'java.vm.specification.vendor' to 'Sun Microsystems Inc.'
setting 'os.name' to 'Mac OS X'
setting 'sun.jnu.encoding' to 'MacRoman'
setting 'java.library.path' to '.:/Library/Java/Extensions:/System/Library/Java/Extensions:/usr/lib/java'
setting 'sbt.boot' to 'true'
setting 'java.specification.name' to 'Java Platform API Specification'
setting 'java.class.version' to '50.0'
setting 'sun.management.compiler' to 'HotSpot 64-Bit Server Compiler'
setting 'os.version' to '10.5.7'
setting 'http.nonProxyHosts' to 'local|*.local|169.254/16|*.169.254/16'
setting 'user.home' to '/Users/stevej'
setting 'user.timezone' to 'America/Los_Angeles'
setting 'scala.home' to '/Users/stevej/src/stacker/project/boot/scala-2.7.5'
setting 'java.awt.printerjob' to 'apple.awt.CPrinterJob'
setting 'file.encoding' to 'MacRoman'
setting 'java.specification.version' to '1.6'
setting 'java.class.path' to '/Users/stevej/bin/sbt-launcher-0.5.2.jar'
setting 'user.name' to 'stevej'
setting 'java.vm.specification.version' to '1.0'
setting 'java.home' to '/System/Library/Frameworks/JavaVM.framework/Versions/1.6.0/Home'
setting 'sun.arch.data.model' to '64'
setting 'user.language' to 'en'
setting 'java.specification.vendor' to 'Sun Microsystems Inc.'
setting 'awt.toolkit' to 'apple.awt.CToolkit'
setting 'java.vm.info' to 'mixed mode'
setting 'java.version' to '1.6.0_13'
setting 'java.ext.dirs' to '/Library/Java/Extensions:/System/Library/Java/Extensions:/System/Library/Frameworks/JavaVM.framework/Versions/1.6.0/Home/lib/ext'
setting 'sun.boot.class.path' to '/System/Library/Frameworks/JavaVM.framework/Versions/1.6.0/Classes/jsfd.jar:/System/Library/Frameworks/JavaVM.framework/Versions/1.6.0/Classes/classes.jar:/System/Library/Frameworks/JavaVM.framework/Frameworks/JavaRuntimeSupport.framework/Resources/Java/JavaRuntimeSupport.jar:/System/Library/Frameworks/JavaVM.framework/Versions/1.6.0/Classes/ui.jar:/System/Library/Frameworks/JavaVM.framework/Versions/1.6.0/Classes/laf.jar:/System/Library/Frameworks/JavaVM.framework/Versions/1.6.0/Classes/sunrsasign.jar:/System/Library/Frameworks/JavaVM.framework/Versions/1.6.0/Classes/jsse.jar:/System/Library/Frameworks/JavaVM.framework/Versions/1.6.0/Classes/jce.jar:/System/Library/Frameworks/JavaVM.framework/Versions/1.6.0/Classes/charsets.jar'
setting 'java.vendor' to 'Apple Inc.'
setting 'file.separator' to '/'
setting 'java.vendor.url.bug' to 'http://bugreport.apple.com/'
setting 'sun.io.unicode.encoding' to 'UnicodeLittle'
setting 'sun.cpu.endian' to 'little'
setting 'mrj.version' to '1050.1.6.0_13-211'
setting 'socksNonProxyHosts' to 'local|*.local|169.254/16|*.169.254/16'
setting 'ftp.nonProxyHosts' to 'local|*.local|169.254/16|*.169.254/16'
setting 'sun.cpu.isalist' to ''
setting 'ivy.default.ivy.user.dir' to '/Users/stevej/.ivy2'
setting 'ivy.home' to '/Users/stevej/.ivy2'
no default ivy user dir defined: set to /Users/stevej/.ivy2
setting 'ivy.cache.dir' to '/Users/stevej/.ivy2/cache'
no default cache defined: set to /Users/stevej/.ivy2/cache
setting 'ivy.basedir' to '/Users/stevej/src/stacker/project/boot/scala-2.7.5'
setting 'basedir' to '/Users/stevej/src/stacker/project/boot/scala-2.7.5'
:: resolving dependencies :: sbt#boot;1.0
	confs: [default]
	validate = true
	refresh = false
resolving dependencies for configuration 'default'
== resolving dependencies for sbt#boot;1.0 [default]
loadData of sbt#boot;1.0 of rootConf=default
== resolving dependencies sbt#boot;1.0->org.scala-lang#scala-compiler;2.7.5 [default->default]
loadData of org.scala-lang#scala-compiler;2.7.5 of rootConf=default
	using redefined-public to resolve org.scala-lang#scala-compiler;2.7.5
redefined-public: Checking cache for: dependency: org.scala-lang#scala-compiler;2.7.5 {default=[default]}
redefined-public: no namespace defined: using system
No entry is found in the ModuleDescriptorCache : /Users/stevej/.ivy2/cache/org.scala-lang/scala-compiler/ivy-2.7.5.xml
pre 1.3 ivy file: using exactOrRegexp as default matcher
ERROR: unknown resolver scala-tools.org
	resolver not found: scala-tools.org => trying to use the one configured for org.scala-lang#scala-compiler;2.7.5
	configured resolver found for org.scala-lang#scala-compiler;2.7.5: redefined-public: saving this data
ERROR: unknown resolver scala-tools.org
	found ivy file in cache for org.scala-lang#scala-compiler;2.7.5 (resolved by redefined-public): /Users/stevej/.ivy2/cache/org.scala-lang/scala-compiler/ivy-2.7.5.xml
redefined-public: module revision found in cache: org.scala-lang#scala-compiler;2.7.5
redefined-public: no latest strategy defined: using default
	found org.scala-lang#scala-compiler;2.7.5 in redefined-public
== resolving dependencies sbt#boot;1.0->org.scala-lang#scala-compiler;2.7.5 [default->runtime]
loadData of org.scala-lang#scala-compiler;2.7.5 of rootConf=default
== resolving dependencies sbt#boot;1.0->org.scala-lang#scala-compiler;2.7.5 [default->compile]
loadData of org.scala-lang#scala-compiler;2.7.5 of rootConf=default
== resolving dependencies org.scala-lang#scala-compiler;2.7.5->org.scala-lang#scala-library;2.7.5 [compile->master(*)]
loadData of org.scala-lang#scala-library;2.7.5 of rootConf=default
	using redefined-public to resolve org.scala-lang#scala-library;2.7.5
redefined-public: Checking cache for: dependency: org.scala-lang#scala-library;2.7.5 {compile=[compile(*), master(*)], runtime=[runtime(*)]}
No entry is found in the ModuleDescriptorCache : /Users/stevej/.ivy2/cache/org.scala-lang/scala-library/ivy-2.7.5.xml
pre 1.3 ivy file: using exactOrRegexp as default matcher
ERROR: unknown resolver scala-tools.org
	resolver not found: scala-tools.org => trying to use the one configured for org.scala-lang#scala-library;2.7.5
	configured resolver found for org.scala-lang#scala-library;2.7.5: redefined-public: saving this data
ERROR: unknown resolver scala-tools.org
	found ivy file in cache for org.scala-lang#scala-library;2.7.5 (resolved by redefined-public): /Users/stevej/.ivy2/cache/org.scala-lang/scala-library/ivy-2.7.5.xml
redefined-public: module revision found in cache: org.scala-lang#scala-library;2.7.5
	found org.scala-lang#scala-library;2.7.5 in redefined-public
== resolving dependencies org.scala-lang#scala-compiler;2.7.5->org.scala-lang#scala-library;2.7.5 [compile->compile(*)]
loadData of org.scala-lang#scala-library;2.7.5 of rootConf=default
== resolving dependencies org.scala-lang#scala-compiler;2.7.5->org.scala-lang#scala-library;2.7.5 [compile->default]
loadData of org.scala-lang#scala-library;2.7.5 of rootConf=default
== resolving dependencies org.scala-lang#scala-compiler;2.7.5->org.scala-lang#scala-library;2.7.5 [compile->runtime]
loadData of org.scala-lang#scala-library;2.7.5 of rootConf=default
== resolving dependencies org.scala-lang#scala-compiler;2.7.5->org.scala-lang#scala-library;2.7.5 [compile->compile]
loadData of org.scala-lang#scala-library;2.7.5 of rootConf=default
== resolving dependencies org.scala-lang#scala-compiler;2.7.5->org.scala-lang#scala-library;2.7.5 [compile->master]
loadData of org.scala-lang#scala-library;2.7.5 of rootConf=default
== resolving dependencies org.scala-lang#scala-compiler;2.7.5->org.scala-lang#scala-library;2.7.5 [runtime->runtime(*)]
loadData of org.scala-lang#scala-library;2.7.5 of rootConf=default
== resolving dependencies org.scala-lang#scala-compiler;2.7.5->org.scala-lang#scala-library;2.7.5 [runtime->compile]
loadData of org.scala-lang#scala-library;2.7.5 of rootConf=default
default is loaded and no conf to load.  Skip loading
== resolving dependencies sbt#boot;1.0->org.scala-lang#scala-compiler;2.7.5 [default->master]
loadData of org.scala-lang#scala-compiler;2.7.5 of rootConf=default
== resolving dependencies sbt#boot;1.0->org.scala-lang#scala-library;2.7.5 [default->default]
loadData of org.scala-lang#scala-library;2.7.5 of rootConf=default
default is loaded and no conf to load.  Skip loading
== resolving dependencies sbt#boot;1.0->org.scala-lang#scala-library;2.7.5 [default->runtime]
loadData of org.scala-lang#scala-library;2.7.5 of rootConf=default
default is loaded and no conf to load.  Skip loading
== resolving dependencies sbt#boot;1.0->org.scala-lang#scala-library;2.7.5 [default->compile]
loadData of org.scala-lang#scala-library;2.7.5 of rootConf=default
default is loaded and no conf to load.  Skip loading
== resolving dependencies sbt#boot;1.0->org.scala-lang#scala-library;2.7.5 [default->master]
loadData of org.scala-lang#scala-library;2.7.5 of rootConf=default
default is loaded and no conf to load.  Skip loading
Nbr of module to sort : 2
Sort dependencies of : org.scala-lang#scala-compiler;2.7.5 / Number of dependencies = 1
Sort dependencies of : org.scala-lang#scala-library;2.7.5 / Number of dependencies = 0
Sort done for : org.scala-lang#scala-library;2.7.5
Sort done for : org.scala-lang#scala-compiler;2.7.5
Module descriptor is processed : org.scala-lang#scala-library;2.7.5
	resolved ivy file produced in /Users/stevej/.ivy2/cache/resolved-sbt-boot-1.0.xml
:: downloading artifacts ::
	[NOT REQUIRED] org.scala-lang#scala-compiler;2.7.5!scala-compiler.jar
	[NOT REQUIRED] org.scala-lang#scala-library;2.7.5!scala-library.jar
:: resolution report :: resolve 406ms :: artifacts dl 7ms
Nbr of module to sort : 2
Sort dependencies of : org.scala-lang#scala-compiler;2.7.5 / Number of dependencies = 1
Sort dependencies of : org.scala-lang#scala-library;2.7.5 / Number of dependencies = 0
Sort done for : org.scala-lang#scala-library;2.7.5
Sort done for : org.scala-lang#scala-compiler;2.7.5
Module descriptor is processed : org.scala-lang#scala-library;2.7.5
	report for sbt#boot;1.0 default produced in /Users/stevej/.ivy2/cache/sbt-boot-default.xml
	resolve done (406ms resolve - 7ms download)

:: problems summary ::
:::: ERRORS
	unknown resolver scala-tools.org

	unknown resolver scala-tools.org

	unknown resolver scala-tools.org

	unknown resolver scala-tools.org


:: USE VERBOSE OR DEBUG MESSAGE LEVEL FOR MORE DETAILS
:: retrieving :: sbt#boot
	checkUpToDate=true
no explicit confs given for retrieve, using ivy file: /Users/stevej/.ivy2/cache/resolved-sbt-boot-1.0.xml
using ivy parser to parse /Users/stevej/.ivy2/cache/resolved-sbt-boot-1.0.xml
pre 1.3 ivy file: using exactOrRegexp as default matcher
	confs: [default]
	retrieving /Users/stevej/.ivy2/cache/org.scala-lang/scala-library/jars/scala-library-2.7.5.jar
		to /Users/stevej/src/stacker/project/boot/scala-2.7.5/lib/scala-library.jar
	retrieving /Users/stevej/.ivy2/cache/org.scala-lang/scala-compiler/jars/scala-compiler-2.7.5.jar
		to /Users/stevej/src/stacker/project/boot/scala-2.7.5/lib/scala-compiler.jar
	2 artifacts copied, 0 already retrieved (9831kB/410ms)
	retrieve done (410ms)
setting 'ivy.default.settings.dir' to 'jar:file:/Users/stevej/bin/sbt-launcher-0.5.2.jar!/org/apache/ivy/core/settings'
setting 'ivy.basedir' to '/Users/stevej/src/stacker/.'
setting 'ivy.default.conf.dir' to 'jar:file:/Users/stevej/bin/sbt-launcher-0.5.2.jar!/org/apache/ivy/core/settings'
impossible to define new type: class not found: org.apache.ivy.plugins.trigger.LogTrigger in [] nor Ivy classloader
impossible to define new type: class not found: org.apache.ivy.plugins.resolver.VsftpResolver in [] nor Ivy classloader
impossible to define new type: class not found: org.apache.ivy.plugins.conflict.RegexpConflictManager in [] nor Ivy classloader
impossible to define new type: class not found: org.apache.ivy.plugins.resolver.SshResolver in [] nor Ivy classloader
impossible to define new type: class not found: org.apache.ivy.plugins.resolver.VfsResolver in [] nor Ivy classloader
impossible to define new type: class not found: org.apache.ivy.plugins.resolver.SFTPResolver in [] nor Ivy classloader
impossible to define new type: class not found: org.apache.ivy.plugins.resolver.packager.PackagerResolver in [] nor Ivy classloader
impossible to define new type: class not found: org.apache.ivy.ant.AntCallTrigger in [] nor Ivy classloader
impossible to define new type: class not found: org.apache.ivy.plugins.resolver.IvyRepResolver in [] nor Ivy classloader
impossible to define new type: class not found: org.apache.ivy.ant.AntBuildTrigger in [] nor Ivy classloader
impossible to define glob matcher: org.apache.ivy.plugins.matcher.GlobPatternMatcher was not found.
setting 'java.runtime.name' to 'Java(TM) SE Runtime Environment'
setting 'sun.boot.library.path' to '/System/Library/Frameworks/JavaVM.framework/Versions/1.6.0/Libraries'
setting 'java.vm.version' to '11.3-b02-83'
setting 'awt.nativeDoubleBuffering' to 'true'
setting 'gopherProxySet' to 'false'
setting 'java.vm.vendor' to 'Apple Inc.'
setting 'java.vendor.url' to 'http://www.apple.com/'
setting 'path.separator' to ':'
setting 'java.vm.name' to 'Java HotSpot(TM) 64-Bit Server VM'
setting 'file.encoding.pkg' to 'sun.io'
setting 'sun.java.launcher' to 'SUN_STANDARD'
setting 'user.country' to 'US'
setting 'sun.os.patch.level' to 'unknown'
setting 'java.vm.specification.name' to 'Java Virtual Machine Specification'
setting 'user.dir' to '/Users/stevej/src/stacker'
setting 'java.runtime.version' to '1.6.0_13-b03-211'
setting 'java.awt.graphicsenv' to 'apple.awt.CGraphicsEnvironment'
setting 'java.endorsed.dirs' to '/System/Library/Frameworks/JavaVM.framework/Versions/1.6.0/Home/lib/endorsed'
setting 'os.arch' to 'x86_64'
setting 'java.io.tmpdir' to '/var/folders/c7/c7+1KegJECCEn2gM8K5Cj++++TI/-Tmp-/'
setting 'line.separator' to '
'
setting 'java.vm.specification.vendor' to 'Sun Microsystems Inc.'
setting 'os.name' to 'Mac OS X'
setting 'sun.jnu.encoding' to 'MacRoman'
setting 'java.library.path' to '.:/Library/Java/Extensions:/System/Library/Java/Extensions:/usr/lib/java'
setting 'sbt.boot' to 'true'
setting 'java.specification.name' to 'Java Platform API Specification'
setting 'java.class.version' to '50.0'
setting 'sun.management.compiler' to 'HotSpot 64-Bit Server Compiler'
setting 'os.version' to '10.5.7'
setting 'http.nonProxyHosts' to 'local|*.local|169.254/16|*.169.254/16'
setting 'user.home' to '/Users/stevej'
setting 'user.timezone' to 'America/Los_Angeles'
setting 'scala.home' to '/Users/stevej/src/stacker/project/boot/scala-2.7.5'
setting 'java.awt.printerjob' to 'apple.awt.CPrinterJob'
setting 'file.encoding' to 'MacRoman'
setting 'java.specification.version' to '1.6'
setting 'java.class.path' to '/Users/stevej/bin/sbt-launcher-0.5.2.jar'
setting 'user.name' to 'stevej'
setting 'java.vm.specification.version' to '1.0'
setting 'java.home' to '/System/Library/Frameworks/JavaVM.framework/Versions/1.6.0/Home'
setting 'sun.arch.data.model' to '64'
setting 'user.language' to 'en'
setting 'java.specification.vendor' to 'Sun Microsystems Inc.'
setting 'awt.toolkit' to 'apple.awt.CToolkit'
setting 'java.vm.info' to 'mixed mode'
setting 'java.version' to '1.6.0_13'
setting 'java.ext.dirs' to '/Library/Java/Extensions:/System/Library/Java/Extensions:/System/Library/Frameworks/JavaVM.framework/Versions/1.6.0/Home/lib/ext'
setting 'sun.boot.class.path' to '/System/Library/Frameworks/JavaVM.framework/Versions/1.6.0/Classes/jsfd.jar:/System/Library/Frameworks/JavaVM.framework/Versions/1.6.0/Classes/classes.jar:/System/Library/Frameworks/JavaVM.framework/Frameworks/JavaRuntimeSupport.framework/Resources/Java/JavaRuntimeSupport.jar:/System/Library/Frameworks/JavaVM.framework/Versions/1.6.0/Classes/ui.jar:/System/Library/Frameworks/JavaVM.framework/Versions/1.6.0/Classes/laf.jar:/System/Library/Frameworks/JavaVM.framework/Versions/1.6.0/Classes/sunrsasign.jar:/System/Library/Frameworks/JavaVM.framework/Versions/1.6.0/Classes/jsse.jar:/System/Library/Frameworks/JavaVM.framework/Versions/1.6.0/Classes/jce.jar:/System/Library/Frameworks/JavaVM.framework/Versions/1.6.0/Classes/charsets.jar'
setting 'java.vendor' to 'Apple Inc.'
setting 'file.separator' to '/'
setting 'java.vendor.url.bug' to 'http://bugreport.apple.com/'
setting 'sun.io.unicode.encoding' to 'UnicodeLittle'
setting 'sun.cpu.endian' to 'little'
setting 'mrj.version' to '1050.1.6.0_13-211'
setting 'socksNonProxyHosts' to 'local|*.local|169.254/16|*.169.254/16'
setting 'ftp.nonProxyHosts' to 'local|*.local|169.254/16|*.169.254/16'
setting 'sun.cpu.isalist' to ''
setting 'ivy.default.ivy.user.dir' to '/Users/stevej/.ivy2'
setting 'ivy.home' to '/Users/stevej/.ivy2'
no default ivy user dir defined: set to /Users/stevej/.ivy2
setting 'ivy.cache.dir' to '/Users/stevej/.ivy2/cache'
no default cache defined: set to /Users/stevej/.ivy2/cache
setting 'ivy.basedir' to '/Users/stevej/src/stacker/project/boot/scala-2.7.5'
setting 'basedir' to '/Users/stevej/src/stacker/project/boot/scala-2.7.5'
:: resolving dependencies :: sbt#boot;1.0
	confs: [default]
	validate = true
	refresh = false
resolving dependencies for configuration 'default'
== resolving dependencies for sbt#boot;1.0 [default]
loadData of sbt#boot;1.0 of rootConf=default
== resolving dependencies sbt#boot;1.0->sbt#simple-build-tool;0.5.2 [default->2.7.5]
loadData of sbt#simple-build-tool;0.5.2 of rootConf=default
	using redefined-public to resolve sbt#simple-build-tool;0.5.2
redefined-public: Checking cache for: dependency: sbt#simple-build-tool;0.5.2 {default=[2.7.5]}
redefined-public: no namespace defined: using system
	no ivy file in cache for sbt#simple-build-tool;0.5.2: tried /Users/stevej/.ivy2/cache/sbt/simple-build-tool/ivy-0.5.2.xml
redefined-public: no latest strategy defined: using default
local: no namespace defined: using system
	no ivy file in cache for sbt#simple-build-tool;0.5.2: tried /Users/stevej/.ivy2/cache/sbt/simple-build-tool/ivy-0.5.2.xml
	 trying /Users/stevej/.ivy2/local/sbt/simple-build-tool/0.5.2/ivys/ivy.xml
		tried /Users/stevej/.ivy2/local/sbt/simple-build-tool/0.5.2/ivys/ivy.xml
	local: resource not reachable for sbt#simple-build-tool;0.5.2: res=/Users/stevej/.ivy2/local/sbt/simple-build-tool/0.5.2/ivys/ivy.xml
	 trying /Users/stevej/.ivy2/local/sbt/simple-build-tool/0.5.2/jars/simple-build-tool.jar
		tried /Users/stevej/.ivy2/local/sbt/simple-build-tool/0.5.2/jars/simple-build-tool.jar
	local: resource not reachable for sbt#simple-build-tool;0.5.2: res=/Users/stevej/.ivy2/local/sbt/simple-build-tool/0.5.2/jars/simple-build-tool.jar
	local: no ivy file nor artifact found for sbt#simple-build-tool;0.5.2
Maven2 Local: no namespace defined: using system
	no ivy file in cache for sbt#simple-build-tool;0.5.2: tried /Users/stevej/.ivy2/cache/sbt/simple-build-tool/ivy-0.5.2.xml
	 trying file:///Users/stevej/.m2/repository/sbt/simple-build-tool/0.5.2/simple-build-tool-0.5.2.pom
		tried file:///Users/stevej/.m2/repository/sbt/simple-build-tool/0.5.2/simple-build-tool-0.5.2.pom
	Maven2 Local: resource not reachable for sbt#simple-build-tool;0.5.2: res=file:/Users/stevej/.m2/repository/sbt/simple-build-tool/0.5.2/simple-build-tool-0.5.2.pom
	 trying file:///Users/stevej/.m2/repository/sbt/simple-build-tool/0.5.2/simple-build-tool-0.5.2.jar
		tried file:///Users/stevej/.m2/repository/sbt/simple-build-tool/0.5.2/simple-build-tool-0.5.2.jar
	Maven2 Local: resource not reachable for sbt#simple-build-tool;0.5.2: res=file:/Users/stevej/.m2/repository/sbt/simple-build-tool/0.5.2/simple-build-tool-0.5.2.jar
	Maven2 Local: no ivy file nor artifact found for sbt#simple-build-tool;0.5.2
Sbt Repository: no namespace defined: using system
	no ivy file in cache for sbt#simple-build-tool;0.5.2: tried /Users/stevej/.ivy2/cache/sbt/simple-build-tool/ivy-0.5.2.xml
	 trying http://simple-build-tool.googlecode.com/svn/artifacts/0.5.2/ivys/ivy.xml
		tried http://simple-build-tool.googlecode.com/svn/artifacts/0.5.2/ivys/ivy.xml
	Sbt Repository: found md file for sbt#simple-build-tool;0.5.2
		=> http://simple-build-tool.googlecode.com/svn/artifacts/0.5.2/ivys/ivy.xml (0.5.2)
	parser = ivy parser
	no ivy file in cache for sbt#simple-build-tool;0.5.2: tried /Users/stevej/.ivy2/cache/sbt/simple-build-tool/ivy-0.5.2.xml
downloading http://simple-build-tool.googlecode.com/svn/artifacts/0.5.2/ivys/ivy.xml ...
	Sbt Repository: downloading http://simple-build-tool.googlecode.com/svn/artifacts/0.5.2/ivys/ivy.xml
		to /Users/stevej/.ivy2/cache/sbt/simple-build-tool/ivy-0.5.2.xml.original.part
	[SUCCESSFUL ] sbt#simple-build-tool;0.5.2!ivy.xml(ivy.original) (122ms)
pre 1.3 ivy file: using exactOrRegexp as default matcher
	default-cache: parsed downloaded md file for sbt#simple-build-tool;0.5.2; parsed=sbt#simple-build-tool;0.5.2
	checking sbt#simple-build-tool;0.5.2 from Sbt Repository against [none]
	module revision kept as first found: sbt#simple-build-tool;0.5.2 from Sbt Repository
	found sbt#simple-build-tool;0.5.2 in Sbt Repository
== resolving dependencies sbt#boot;1.0->sbt#simple-build-tool;0.5.2 [default->base]
loadData of sbt#simple-build-tool;0.5.2 of rootConf=default
== resolving dependencies sbt#simple-build-tool;0.5.2->org.apache.ivy#ivy;2.0.0 [base->default]
loadData of org.apache.ivy#ivy;2.0.0 of rootConf=default
	using redefined-public to resolve org.apache.ivy#ivy;2.0.0
redefined-public: Checking cache for: dependency: org.apache.ivy#ivy;2.0.0 {base=[default]}
	no ivy file in cache for org.apache.ivy#ivy;2.0.0: tried /Users/stevej/.ivy2/cache/org.apache.ivy/ivy/ivy-2.0.0.xml
	no ivy file in cache for org.apache.ivy#ivy;2.0.0: tried /Users/stevej/.ivy2/cache/org.apache.ivy/ivy/ivy-2.0.0.xml
	 trying /Users/stevej/.ivy2/local/org.apache.ivy/ivy/2.0.0/ivys/ivy.xml
		tried /Users/stevej/.ivy2/local/org.apache.ivy/ivy/2.0.0/ivys/ivy.xml
	local: resource not reachable for org.apache.ivy#ivy;2.0.0: res=/Users/stevej/.ivy2/local/org.apache.ivy/ivy/2.0.0/ivys/ivy.xml
	 trying /Users/stevej/.ivy2/local/org.apache.ivy/ivy/2.0.0/jars/ivy.jar
		tried /Users/stevej/.ivy2/local/org.apache.ivy/ivy/2.0.0/jars/ivy.jar
	local: resource not reachable for org.apache.ivy#ivy;2.0.0: res=/Users/stevej/.ivy2/local/org.apache.ivy/ivy/2.0.0/jars/ivy.jar
	local: no ivy file nor artifact found for org.apache.ivy#ivy;2.0.0
	no ivy file in cache for org.apache.ivy#ivy;2.0.0: tried /Users/stevej/.ivy2/cache/org.apache.ivy/ivy/ivy-2.0.0.xml
	 trying file:///Users/stevej/.m2/repository/org/apache/ivy/ivy/2.0.0/ivy-2.0.0.pom
		tried file:///Users/stevej/.m2/repository/org/apache/ivy/ivy/2.0.0/ivy-2.0.0.pom
	Maven2 Local: resource not reachable for org/apache/ivy#ivy;2.0.0: res=file:/Users/stevej/.m2/repository/org/apache/ivy/ivy/2.0.0/ivy-2.0.0.pom
	 trying file:///Users/stevej/.m2/repository/org/apache/ivy/ivy/2.0.0/ivy-2.0.0.jar
		tried file:///Users/stevej/.m2/repository/org/apache/ivy/ivy/2.0.0/ivy-2.0.0.jar
	Maven2 Local: resource not reachable for org/apache/ivy#ivy;2.0.0: res=file:/Users/stevej/.m2/repository/org/apache/ivy/ivy/2.0.0/ivy-2.0.0.jar
	Maven2 Local: no ivy file nor artifact found for org.apache.ivy#ivy;2.0.0
	no ivy file in cache for org.apache.ivy#ivy;2.0.0: tried /Users/stevej/.ivy2/cache/org.apache.ivy/ivy/ivy-2.0.0.xml
	 trying http://simple-build-tool.googlecode.com/svn/artifacts/2.0.0/ivys/ivy.xml
		tried http://simple-build-tool.googlecode.com/svn/artifacts/2.0.0/ivys/ivy.xml
HTTP response status: 404 url=http://simple-build-tool.googlecode.com/svn/artifacts/2.0.0/ivys/ivy.xml
CLIENT ERROR: Not Found url=http://simple-build-tool.googlecode.com/svn/artifacts/2.0.0/ivys/ivy.xml
	Sbt Repository: resource not reachable for org.apache.ivy#ivy;2.0.0: res=http://simple-build-tool.googlecode.com/svn/artifacts/2.0.0/ivys/ivy.xml
	 trying http://simple-build-tool.googlecode.com/svn/artifacts/2.0.0/jars/ivy.jar
		tried http://simple-build-tool.googlecode.com/svn/artifacts/2.0.0/jars/ivy.jar
HTTP response status: 404 url=http://simple-build-tool.googlecode.com/svn/artifacts/2.0.0/jars/ivy.jar
CLIENT ERROR: Not Found url=http://simple-build-tool.googlecode.com/svn/artifacts/2.0.0/jars/ivy.jar
	Sbt Repository: resource not reachable for org.apache.ivy#ivy;2.0.0: res=http://simple-build-tool.googlecode.com/svn/artifacts/2.0.0/jars/ivy.jar
	Sbt Repository: no ivy file nor artifact found for org.apache.ivy#ivy;2.0.0
Maven Central: no namespace defined: using system
	no ivy file in cache for org.apache.ivy#ivy;2.0.0: tried /Users/stevej/.ivy2/cache/org.apache.ivy/ivy/ivy-2.0.0.xml
	 trying http://repo1.maven.org/maven2/org/apache/ivy/ivy/2.0.0/ivy-2.0.0.pom
		tried http://repo1.maven.org/maven2/org/apache/ivy/ivy/2.0.0/ivy-2.0.0.pom
	Maven Central: found md file for org.apache.ivy#ivy;2.0.0
		=> http://repo1.maven.org/maven2/org/apache/ivy/ivy/2.0.0/ivy-2.0.0.pom (2.0.0)
	parser = pom parser
	no ivy file in cache for org.apache.ivy#ivy;2.0.0: tried /Users/stevej/.ivy2/cache/org.apache.ivy/ivy/ivy-2.0.0.xml
downloading http://repo1.maven.org/maven2/org/apache/ivy/ivy/2.0.0/ivy-2.0.0.pom ...
	Maven Central: downloading http://repo1.maven.org/maven2/org/apache/ivy/ivy/2.0.0/ivy-2.0.0.pom
		to /Users/stevej/.ivy2/cache/org.apache.ivy/ivy/ivy-2.0.0.xml.original.part
	[SUCCESSFUL ] org.apache.ivy#ivy;2.0.0!ivy.pom(pom.original) (336ms)
	 trying /Users/stevej/.ivy2/local/org.apache.ivy/ivy/2.0.0/jars/ivy.jar
		tried /Users/stevej/.ivy2/local/org.apache.ivy/ivy/2.0.0/jars/ivy.jar
	local: resource not reachable for org.apache.ivy#ivy;2.0.0: res=/Users/stevej/.ivy2/local/org.apache.ivy/ivy/2.0.0/jars/ivy.jar
	 trying file:///Users/stevej/.m2/repository/org/apache/ivy/ivy/2.0.0/ivy-2.0.0.jar
		tried file:///Users/stevej/.m2/repository/org/apache/ivy/ivy/2.0.0/ivy-2.0.0.jar
	Maven2 Local: resource not reachable for org/apache/ivy#ivy;2.0.0: res=file:/Users/stevej/.m2/repository/org/apache/ivy/ivy/2.0.0/ivy-2.0.0.jar
	 trying http://simple-build-tool.googlecode.com/svn/artifacts/2.0.0/jars/ivy.jar
		tried http://simple-build-tool.googlecode.com/svn/artifacts/2.0.0/jars/ivy.jar
	Sbt Repository: resource not reachable for org.apache.ivy#ivy;2.0.0: res=http://simple-build-tool.googlecode.com/svn/artifacts/2.0.0/jars/ivy.jar
	 trying http://repo1.maven.org/maven2/org/apache/ivy/ivy/2.0.0/ivy-2.0.0.jar
		tried http://repo1.maven.org/maven2/org/apache/ivy/ivy/2.0.0/ivy-2.0.0.jar
	 trying /Users/stevej/.ivy2/local/org.apache.ivy/ivy/2.0.0/sources/ivy.jar
		tried /Users/stevej/.ivy2/local/org.apache.ivy/ivy/2.0.0/sources/ivy.jar
	local: resource not reachable for org.apache.ivy#ivy;2.0.0: res=/Users/stevej/.ivy2/local/org.apache.ivy/ivy/2.0.0/sources/ivy.jar
	 trying file:///Users/stevej/.m2/repository/org/apache/ivy/ivy/2.0.0/ivy-2.0.0-sources.jar
		tried file:///Users/stevej/.m2/repository/org/apache/ivy/ivy/2.0.0/ivy-2.0.0-sources.jar
	Maven2 Local: resource not reachable for org/apache/ivy#ivy;2.0.0: res=file:/Users/stevej/.m2/repository/org/apache/ivy/ivy/2.0.0/ivy-2.0.0-sources.jar
	 trying http://simple-build-tool.googlecode.com/svn/artifacts/2.0.0/sources/ivy.jar
		tried http://simple-build-tool.googlecode.com/svn/artifacts/2.0.0/sources/ivy.jar
HTTP response status: 404 url=http://simple-build-tool.googlecode.com/svn/artifacts/2.0.0/sources/ivy.jar
CLIENT ERROR: Not Found url=http://simple-build-tool.googlecode.com/svn/artifacts/2.0.0/sources/ivy.jar
	Sbt Repository: resource not reachable for org.apache.ivy#ivy;2.0.0: res=http://simple-build-tool.googlecode.com/svn/artifacts/2.0.0/sources/ivy.jar
	 trying http://repo1.maven.org/maven2/org/apache/ivy/ivy/2.0.0/ivy-2.0.0-sources.jar
		tried http://repo1.maven.org/maven2/org/apache/ivy/ivy/2.0.0/ivy-2.0.0-sources.jar
source artifact found for org.apache.ivy#ivy;2.0.0
	 trying /Users/stevej/.ivy2/local/org.apache.ivy/ivy/2.0.0/javadocs/ivy.jar
		tried /Users/stevej/.ivy2/local/org.apache.ivy/ivy/2.0.0/javadocs/ivy.jar
	local: resource not reachable for org.apache.ivy#ivy;2.0.0: res=/Users/stevej/.ivy2/local/org.apache.ivy/ivy/2.0.0/javadocs/ivy.jar
	 trying file:///Users/stevej/.m2/repository/org/apache/ivy/ivy/2.0.0/ivy-2.0.0-javadoc.jar
		tried file:///Users/stevej/.m2/repository/org/apache/ivy/ivy/2.0.0/ivy-2.0.0-javadoc.jar
	Maven2 Local: resource not reachable for org/apache/ivy#ivy;2.0.0: res=file:/Users/stevej/.m2/repository/org/apache/ivy/ivy/2.0.0/ivy-2.0.0-javadoc.jar
	 trying http://simple-build-tool.googlecode.com/svn/artifacts/2.0.0/javadocs/ivy.jar
		tried http://simple-build-tool.googlecode.com/svn/artifacts/2.0.0/javadocs/ivy.jar
HTTP response status: 404 url=http://simple-build-tool.googlecode.com/svn/artifacts/2.0.0/javadocs/ivy.jar
CLIENT ERROR: Not Found url=http://simple-build-tool.googlecode.com/svn/artifacts/2.0.0/javadocs/ivy.jar
	Sbt Repository: resource not reachable for org.apache.ivy#ivy;2.0.0: res=http://simple-build-tool.googlecode.com/svn/artifacts/2.0.0/javadocs/ivy.jar
	 trying http://repo1.maven.org/maven2/org/apache/ivy/ivy/2.0.0/ivy-2.0.0-javadoc.jar
		tried http://repo1.maven.org/maven2/org/apache/ivy/ivy/2.0.0/ivy-2.0.0-javadoc.jar
javadoc artifact found for org.apache.ivy#ivy;2.0.0
	default-cache: parsed downloaded md file for org.apache.ivy#ivy;2.0.0; parsed=org.apache.ivy#ivy;2.0.0
	checking org.apache.ivy#ivy;2.0.0 from Maven Central against [none]
	module revision kept as first found: org.apache.ivy#ivy;2.0.0 from Maven Central
	found org.apache.ivy#ivy;2.0.0 in Maven Central
== resolving dependencies sbt#simple-build-tool;0.5.2->org.apache.ivy#ivy;2.0.0 [base->runtime]
loadData of org.apache.ivy#ivy;2.0.0 of rootConf=default
== resolving dependencies sbt#simple-build-tool;0.5.2->org.apache.ivy#ivy;2.0.0 [base->compile]
loadData of org.apache.ivy#ivy;2.0.0 of rootConf=default
== resolving dependencies sbt#simple-build-tool;0.5.2->org.apache.ivy#ivy;2.0.0 [base->master]
loadData of org.apache.ivy#ivy;2.0.0 of rootConf=default
== resolving dependencies sbt#simple-build-tool;0.5.2->com.jcraft#jsch;0.1.31 [base->default]
loadData of com.jcraft#jsch;0.1.31 of rootConf=default
	using redefined-public to resolve com.jcraft#jsch;0.1.31
redefined-public: Checking cache for: dependency: com.jcraft#jsch;0.1.31 {base=[default]}
	no ivy file in cache for com.jcraft#jsch;0.1.31: tried /Users/stevej/.ivy2/cache/com.jcraft/jsch/ivy-0.1.31.xml
	no ivy file in cache for com.jcraft#jsch;0.1.31: tried /Users/stevej/.ivy2/cache/com.jcraft/jsch/ivy-0.1.31.xml
	 trying /Users/stevej/.ivy2/local/com.jcraft/jsch/0.1.31/ivys/ivy.xml
		tried /Users/stevej/.ivy2/local/com.jcraft/jsch/0.1.31/ivys/ivy.xml
	local: resource not reachable for com.jcraft#jsch;0.1.31: res=/Users/stevej/.ivy2/local/com.jcraft/jsch/0.1.31/ivys/ivy.xml
	 trying /Users/stevej/.ivy2/local/com.jcraft/jsch/0.1.31/jars/jsch.jar
		tried /Users/stevej/.ivy2/local/com.jcraft/jsch/0.1.31/jars/jsch.jar
	local: resource not reachable for com.jcraft#jsch;0.1.31: res=/Users/stevej/.ivy2/local/com.jcraft/jsch/0.1.31/jars/jsch.jar
	local: no ivy file nor artifact found for com.jcraft#jsch;0.1.31
	no ivy file in cache for com.jcraft#jsch;0.1.31: tried /Users/stevej/.ivy2/cache/com.jcraft/jsch/ivy-0.1.31.xml
	 trying file:///Users/stevej/.m2/repository/com/jcraft/jsch/0.1.31/jsch-0.1.31.pom
		tried file:///Users/stevej/.m2/repository/com/jcraft/jsch/0.1.31/jsch-0.1.31.pom
	Maven2 Local: resource not reachable for com/jcraft#jsch;0.1.31: res=file:/Users/stevej/.m2/repository/com/jcraft/jsch/0.1.31/jsch-0.1.31.pom
	 trying file:///Users/stevej/.m2/repository/com/jcraft/jsch/0.1.31/jsch-0.1.31.jar
		tried file:///Users/stevej/.m2/repository/com/jcraft/jsch/0.1.31/jsch-0.1.31.jar
	Maven2 Local: resource not reachable for com/jcraft#jsch;0.1.31: res=file:/Users/stevej/.m2/repository/com/jcraft/jsch/0.1.31/jsch-0.1.31.jar
	Maven2 Local: no ivy file nor artifact found for com.jcraft#jsch;0.1.31
	no ivy file in cache for com.jcraft#jsch;0.1.31: tried /Users/stevej/.ivy2/cache/com.jcraft/jsch/ivy-0.1.31.xml
	 trying http://simple-build-tool.googlecode.com/svn/artifacts/0.1.31/ivys/ivy.xml
		tried http://simple-build-tool.googlecode.com/svn/artifacts/0.1.31/ivys/ivy.xml
HTTP response status: 404 url=http://simple-build-tool.googlecode.com/svn/artifacts/0.1.31/ivys/ivy.xml
CLIENT ERROR: Not Found url=http://simple-build-tool.googlecode.com/svn/artifacts/0.1.31/ivys/ivy.xml
	Sbt Repository: resource not reachable for com.jcraft#jsch;0.1.31: res=http://simple-build-tool.googlecode.com/svn/artifacts/0.1.31/ivys/ivy.xml
	 trying http://simple-build-tool.googlecode.com/svn/artifacts/0.1.31/jars/jsch.jar
		tried http://simple-build-tool.googlecode.com/svn/artifacts/0.1.31/jars/jsch.jar
HTTP response status: 404 url=http://simple-build-tool.googlecode.com/svn/artifacts/0.1.31/jars/jsch.jar
CLIENT ERROR: Not Found url=http://simple-build-tool.googlecode.com/svn/artifacts/0.1.31/jars/jsch.jar
	Sbt Repository: resource not reachable for com.jcraft#jsch;0.1.31: res=http://simple-build-tool.googlecode.com/svn/artifacts/0.1.31/jars/jsch.jar
	Sbt Repository: no ivy file nor artifact found for com.jcraft#jsch;0.1.31
	no ivy file in cache for com.jcraft#jsch;0.1.31: tried /Users/stevej/.ivy2/cache/com.jcraft/jsch/ivy-0.1.31.xml
	 trying http://repo1.maven.org/maven2/com/jcraft/jsch/0.1.31/jsch-0.1.31.pom
		tried http://repo1.maven.org/maven2/com/jcraft/jsch/0.1.31/jsch-0.1.31.pom
	Maven Central: found md file for com.jcraft#jsch;0.1.31
		=> http://repo1.maven.org/maven2/com/jcraft/jsch/0.1.31/jsch-0.1.31.pom (0.1.31)
	parser = pom parser
	no ivy file in cache for com.jcraft#jsch;0.1.31: tried /Users/stevej/.ivy2/cache/com.jcraft/jsch/ivy-0.1.31.xml
downloading http://repo1.maven.org/maven2/com/jcraft/jsch/0.1.31/jsch-0.1.31.pom ...
	Maven Central: downloading http://repo1.maven.org/maven2/com/jcraft/jsch/0.1.31/jsch-0.1.31.pom
		to /Users/stevej/.ivy2/cache/com.jcraft/jsch/ivy-0.1.31.xml.original.part
	[SUCCESSFUL ] com.jcraft#jsch;0.1.31!jsch.pom(pom.original) (80ms)
	 trying /Users/stevej/.ivy2/local/com.jcraft/jsch/0.1.31/jars/jsch.jar
		tried /Users/stevej/.ivy2/local/com.jcraft/jsch/0.1.31/jars/jsch.jar
	local: resource not reachable for com.jcraft#jsch;0.1.31: res=/Users/stevej/.ivy2/local/com.jcraft/jsch/0.1.31/jars/jsch.jar
	 trying file:///Users/stevej/.m2/repository/com/jcraft/jsch/0.1.31/jsch-0.1.31.jar
		tried file:///Users/stevej/.m2/repository/com/jcraft/jsch/0.1.31/jsch-0.1.31.jar
	Maven2 Local: resource not reachable for com/jcraft#jsch;0.1.31: res=file:/Users/stevej/.m2/repository/com/jcraft/jsch/0.1.31/jsch-0.1.31.jar
	 trying http://simple-build-tool.googlecode.com/svn/artifacts/0.1.31/jars/jsch.jar
		tried http://simple-build-tool.googlecode.com/svn/artifacts/0.1.31/jars/jsch.jar
	Sbt Repository: resource not reachable for com.jcraft#jsch;0.1.31: res=http://simple-build-tool.googlecode.com/svn/artifacts/0.1.31/jars/jsch.jar
	 trying http://repo1.maven.org/maven2/com/jcraft/jsch/0.1.31/jsch-0.1.31.jar
		tried http://repo1.maven.org/maven2/com/jcraft/jsch/0.1.31/jsch-0.1.31.jar
	 trying /Users/stevej/.ivy2/local/com.jcraft/jsch/0.1.31/sources/jsch.jar
		tried /Users/stevej/.ivy2/local/com.jcraft/jsch/0.1.31/sources/jsch.jar
	local: resource not reachable for com.jcraft#jsch;0.1.31: res=/Users/stevej/.ivy2/local/com.jcraft/jsch/0.1.31/sources/jsch.jar
	 trying file:///Users/stevej/.m2/repository/com/jcraft/jsch/0.1.31/jsch-0.1.31-sources.jar
		tried file:///Users/stevej/.m2/repository/com/jcraft/jsch/0.1.31/jsch-0.1.31-sources.jar
	Maven2 Local: resource not reachable for com/jcraft#jsch;0.1.31: res=file:/Users/stevej/.m2/repository/com/jcraft/jsch/0.1.31/jsch-0.1.31-sources.jar
	 trying http://simple-build-tool.googlecode.com/svn/artifacts/0.1.31/sources/jsch.jar
		tried http://simple-build-tool.googlecode.com/svn/artifacts/0.1.31/sources/jsch.jar
HTTP response status: 404 url=http://simple-build-tool.googlecode.com/svn/artifacts/0.1.31/sources/jsch.jar
CLIENT ERROR: Not Found url=http://simple-build-tool.googlecode.com/svn/artifacts/0.1.31/sources/jsch.jar
	Sbt Repository: resource not reachable for com.jcraft#jsch;0.1.31: res=http://simple-build-tool.googlecode.com/svn/artifacts/0.1.31/sources/jsch.jar
	 trying http://repo1.maven.org/maven2/com/jcraft/jsch/0.1.31/jsch-0.1.31-sources.jar
		tried http://repo1.maven.org/maven2/com/jcraft/jsch/0.1.31/jsch-0.1.31-sources.jar
source artifact found for com.jcraft#jsch;0.1.31
	 trying /Users/stevej/.ivy2/local/com.jcraft/jsch/0.1.31/javadocs/jsch.jar
		tried /Users/stevej/.ivy2/local/com.jcraft/jsch/0.1.31/javadocs/jsch.jar
	local: resource not reachable for com.jcraft#jsch;0.1.31: res=/Users/stevej/.ivy2/local/com.jcraft/jsch/0.1.31/javadocs/jsch.jar
	 trying file:///Users/stevej/.m2/repository/com/jcraft/jsch/0.1.31/jsch-0.1.31-javadoc.jar
		tried file:///Users/stevej/.m2/repository/com/jcraft/jsch/0.1.31/jsch-0.1.31-javadoc.jar
	Maven2 Local: resource not reachable for com/jcraft#jsch;0.1.31: res=file:/Users/stevej/.m2/repository/com/jcraft/jsch/0.1.31/jsch-0.1.31-javadoc.jar
	 trying http://simple-build-tool.googlecode.com/svn/artifacts/0.1.31/javadocs/jsch.jar
		tried http://simple-build-tool.googlecode.com/svn/artifacts/0.1.31/javadocs/jsch.jar
HTTP response status: 404 url=http://simple-build-tool.googlecode.com/svn/artifacts/0.1.31/javadocs/jsch.jar
CLIENT ERROR: Not Found url=http://simple-build-tool.googlecode.com/svn/artifacts/0.1.31/javadocs/jsch.jar
	Sbt Repository: resource not reachable for com.jcraft#jsch;0.1.31: res=http://simple-build-tool.googlecode.com/svn/artifacts/0.1.31/javadocs/jsch.jar
	 trying http://repo1.maven.org/maven2/com/jcraft/jsch/0.1.31/jsch-0.1.31-javadoc.jar
		tried http://repo1.maven.org/maven2/com/jcraft/jsch/0.1.31/jsch-0.1.31-javadoc.jar
HTTP response status: 404 url=http://repo1.maven.org/maven2/com/jcraft/jsch/0.1.31/jsch-0.1.31-javadoc.jar
CLIENT ERROR: Not Found url=http://repo1.maven.org/maven2/com/jcraft/jsch/0.1.31/jsch-0.1.31-javadoc.jar
	Maven Central: resource not reachable for com/jcraft#jsch;0.1.31: res=http://repo1.maven.org/maven2/com/jcraft/jsch/0.1.31/jsch-0.1.31-javadoc.jar
no javadoc artifact found for com.jcraft#jsch;0.1.31
	default-cache: parsed downloaded md file for com.jcraft#jsch;0.1.31; parsed=com.jcraft#jsch;0.1.31
	checking com.jcraft#jsch;0.1.31 from Maven Central against [none]
	module revision kept as first found: com.jcraft#jsch;0.1.31 from Maven Central
	found com.jcraft#jsch;0.1.31 in Maven Central
== resolving dependencies sbt#simple-build-tool;0.5.2->com.jcraft#jsch;0.1.31 [base->runtime]
loadData of com.jcraft#jsch;0.1.31 of rootConf=default
== resolving dependencies sbt#simple-build-tool;0.5.2->com.jcraft#jsch;0.1.31 [base->compile]
loadData of com.jcraft#jsch;0.1.31 of rootConf=default
== resolving dependencies sbt#simple-build-tool;0.5.2->com.jcraft#jsch;0.1.31 [base->master]
loadData of com.jcraft#jsch;0.1.31 of rootConf=default
Nbr of module to sort : 3
Sort dependencies of : sbt#simple-build-tool;0.5.2 / Number of dependencies = 2
Sort dependencies of : org.apache.ivy#ivy;2.0.0 / Number of dependencies = 13
Sort dependencies of : com.jcraft#jsch;0.1.31 / Number of dependencies = 1
Sort done for : com.jcraft#jsch;0.1.31
Sort done for : org.apache.ivy#ivy;2.0.0
Module descriptor is processed : com.jcraft#jsch;0.1.31
Sort done for : sbt#simple-build-tool;0.5.2
Module descriptor is processed : org.apache.ivy#ivy;2.0.0
Module descriptor is processed : com.jcraft#jsch;0.1.31
	resolved ivy file produced in /Users/stevej/.ivy2/cache/resolved-sbt-boot-1.0.xml
:: downloading artifacts ::
	 trying http://simple-build-tool.googlecode.com/svn/artifacts/0.5.2/jars/sbt_2.7.5.jar
		tried http://simple-build-tool.googlecode.com/svn/artifacts/0.5.2/jars/sbt_2.7.5.jar
downloading http://simple-build-tool.googlecode.com/svn/artifacts/0.5.2/jars/sbt_2.7.5.jar ...
	Sbt Repository: downloading http://simple-build-tool.googlecode.com/svn/artifacts/0.5.2/jars/sbt_2.7.5.jar
		to /Users/stevej/.ivy2/cache/sbt/simple-build-tool/jars/sbt_2.7.5-0.5.2.jar.part
	[SUCCESSFUL ] sbt#simple-build-tool;0.5.2!sbt_2.7.5.jar (4284ms)
	 trying http://repo1.maven.org/maven2/org/apache/ivy/ivy/2.0.0/ivy-2.0.0.jar
		tried http://repo1.maven.org/maven2/org/apache/ivy/ivy/2.0.0/ivy-2.0.0.jar
downloading http://repo1.maven.org/maven2/org/apache/ivy/ivy/2.0.0/ivy-2.0.0.jar ...
	Maven Central: downloading http://repo1.maven.org/maven2/org/apache/ivy/ivy/2.0.0/ivy-2.0.0.jar
		to /Users/stevej/.ivy2/cache/org.apache.ivy/ivy/jars/ivy-2.0.0.jar.part
	[SUCCESSFUL ] org.apache.ivy#ivy;2.0.0!ivy.jar (2182ms)
	 trying http://repo1.maven.org/maven2/com/jcraft/jsch/0.1.31/jsch-0.1.31.jar
		tried http://repo1.maven.org/maven2/com/jcraft/jsch/0.1.31/jsch-0.1.31.jar
downloading http://repo1.maven.org/maven2/com/jcraft/jsch/0.1.31/jsch-0.1.31.jar ...
	Maven Central: downloading http://repo1.maven.org/maven2/com/jcraft/jsch/0.1.31/jsch-0.1.31.jar
		to /Users/stevej/.ivy2/cache/com.jcraft/jsch/jars/jsch-0.1.31.jar.part
	[SUCCESSFUL ] com.jcraft#jsch;0.1.31!jsch.jar (344ms)
:: resolution report :: resolve 2514ms :: artifacts dl 6814ms
Nbr of module to sort : 3
Sort dependencies of : sbt#simple-build-tool;0.5.2 / Number of dependencies = 2
Sort dependencies of : org.apache.ivy#ivy;2.0.0 / Number of dependencies = 13
Sort dependencies of : com.jcraft#jsch;0.1.31 / Number of dependencies = 1
Sort done for : com.jcraft#jsch;0.1.31
Sort done for : org.apache.ivy#ivy;2.0.0
Module descriptor is processed : com.jcraft#jsch;0.1.31
Sort done for : sbt#simple-build-tool;0.5.2
Module descriptor is processed : org.apache.ivy#ivy;2.0.0
Module descriptor is processed : com.jcraft#jsch;0.1.31
	report for sbt#boot;1.0 default produced in /Users/stevej/.ivy2/cache/sbt-boot-default.xml
	resolve done (2514ms resolve - 6814ms download)
:: retrieving :: sbt#boot
	checkUpToDate=true
no explicit confs given for retrieve, using ivy file: /Users/stevej/.ivy2/cache/resolved-sbt-boot-1.0.xml
using ivy parser to parse /Users/stevej/.ivy2/cache/resolved-sbt-boot-1.0.xml
pre 1.3 ivy file: using exactOrRegexp as default matcher
	confs: [default]
	retrieving /Users/stevej/.ivy2/cache/org.apache.ivy/ivy/jars/ivy-2.0.0.jar
		to /Users/stevej/src/stacker/project/boot/scala-2.7.5/sbt-0.5.2/ivy-2.0.0.jar
	retrieving /Users/stevej/.ivy2/cache/com.jcraft/jsch/jars/jsch-0.1.31.jar
		to /Users/stevej/src/stacker/project/boot/scala-2.7.5/sbt-0.5.2/jsch-0.1.31.jar
	retrieving /Users/stevej/.ivy2/cache/sbt/simple-build-tool/jars/sbt_2.7.5-0.5.2.jar
		to /Users/stevej/src/stacker/project/boot/scala-2.7.5/sbt-0.5.2/sbt_2.7.5-0.5.2.jar
	3 artifacts copied, 0 already retrieved (3293kB/28ms)
	retrieve done (28ms)
